The system is: Linux - 5.10.0-182.0.0.95.r2220_156.hce2.aarch64 - aarch64
Compiling the C compiler identification source file "CMakeCCompilerId.c" succeeded.
Compiler: /usr/bin/cc 
Build flags: 
Id flags:  

The output was:
0


Compilation of the C compiler identification source "CMakeCCompilerId.c" produced "a.out"

The C compiler identification is GNU, found in "/home/ma-user/work/ww/ascendc_samples/operator/ascendc/0_introduction/3_add_kernellaunch/AddKernelInvocationNeo/build/ascendc_kernels_npu_precompile-prefix/src/ascendc_kernels_npu_precompile-build/CMakeFiles/3.22.0/CompilerIdC/a.out"

Compiling the CXX compiler identification source file "CMakeCXXCompilerId.cpp" succeeded.
Compiler: /usr/bin/c++ 
Build flags: 
Id flags:  

The output was:
0


Compilation of the CXX compiler identification source "CMakeCXXCompilerId.cpp" produced "a.out"

The CXX compiler identification is GNU, found in "/home/ma-user/work/ww/ascendc_samples/operator/ascendc/0_introduction/3_add_kernellaunch/AddKernelInvocationNeo/build/ascendc_kernels_npu_precompile-prefix/src/ascendc_kernels_npu_precompile-build/CMakeFiles/3.22.0/CompilerIdCXX/a.out"

Detecting C compiler ABI info compiled with the following output:
Change Dir: /home/ma-user/work/ww/ascendc_samples/operator/ascendc/0_introduction/3_add_kernellaunch/AddKernelInvocationNeo/build/ascendc_kernels_npu_precompile-prefix/src/ascendc_kernels_npu_precompile-build/CMakeFiles/CMakeTmp

Run Build Command(s):/usr/bin/gmake -f Makefile cmTC_4d75a/fast && gmake[3]: Entering directory '/home/ma-user/work/ww/ascendc_samples/operator/ascendc/0_introduction/3_add_kernellaunch/AddKernelInvocationNeo/build/ascendc_kernels_npu_precompile-prefix/src/ascendc_kernels_npu_precompile-build/CMakeFiles/CMakeTmp'
/usr/bin/gmake  -f CMakeFiles/cmTC_4d75a.dir/build.make CMakeFiles/cmTC_4d75a.dir/build
gmake[4]: Entering directory '/home/ma-user/work/ww/ascendc_samples/operator/ascendc/0_introduction/3_add_kernellaunch/AddKernelInvocationNeo/build/ascendc_kernels_npu_precompile-prefix/src/ascendc_kernels_npu_precompile-build/CMakeFiles/CMakeTmp'
Building C object CMakeFiles/cmTC_4d75a.dir/CMakeCCompilerABI.c.o
/usr/bin/cc   -v -o CMakeFiles/cmTC_4d75a.dir/CMakeCCompilerABI.c.o -c /usr/share/cmake/Modules/CMakeCCompilerABI.c
Using built-in specs.
COLLECT_GCC=/usr/bin/cc
Target: aarch64-linux-gnu
Configured with: ../configure --prefix=/usr --mandir=/usr/share/man --infodir=/usr/share/info --enable-shared --enable-threads=posix --enable-checking=release --with-system-zlib --enable-__cxa_atexit --disable-libunwind-exceptions --enable-gnu-unique-object --enable-linker-build-id --with-linker-hash-style=gnu --enable-languages=c,c++,objc,obj-c++,fortran,lto --enable-plugin --enable-initfini-array --disable-libgcj --without-isl --without-cloog --enable-gnu-indirect-function --build=aarch64-linux-gnu --with-stage1-ldflags=' -Wl,-z,relro,-z,now' --with-boot-ldflags=' -Wl,-z,relro,-z,now' --disable-bootstrap --with-multilib-list=lp64 --enable-bolt
Thread model: posix
Supported LTO compression algorithms: zlib
gcc version 10.3.1 (GCC) 
COLLECT_GCC_OPTIONS='-v' '-o' 'CMakeFiles/cmTC_4d75a.dir/CMakeCCompilerABI.c.o' '-c' '-mlittle-endian' '-mabi=lp64'
 /usr/libexec/gcc/aarch64-linux-gnu/10.3.1/cc1 -quiet -v /usr/share/cmake/Modules/CMakeCCompilerABI.c -quiet -dumpbase CMakeCCompilerABI.c -mlittle-endian -mabi=lp64 -auxbase-strip CMakeFiles/cmTC_4d75a.dir/CMakeCCompilerABI.c.o -version -o /tmp/ccoIHXKU.s
GNU C17 (GCC) version 10.3.1 (aarch64-linux-gnu)
	compiled by GNU C version 10.3.1, GMP version 6.2.1, MPFR version 4.1.0, MPC version 1.2.0, isl version none
warning: MPFR header version 4.1.0 differs from library version 4.1.0-p9.
GGC heuristics: --param ggc-min-expand=100 --param ggc-min-heapsize=131072
ignoring nonexistent directory "/usr/lib/gcc/aarch64-linux-gnu/10.3.1/include-fixed"
ignoring nonexistent directory "/usr/lib/gcc/aarch64-linux-gnu/10.3.1/../../../../aarch64-linux-gnu/include"
#include "..." search starts here:
#include <...> search starts here:
 /usr/lib/gcc/aarch64-linux-gnu/10.3.1/include
 /usr/local/include
 /usr/include
End of search list.
GNU C17 (GCC) version 10.3.1 (aarch64-linux-gnu)
	compiled by GNU C version 10.3.1, GMP version 6.2.1, MPFR version 4.1.0, MPC version 1.2.0, isl version none
warning: MPFR header version 4.1.0 differs from library version 4.1.0-p9.
GGC heuristics: --param ggc-min-expand=100 --param ggc-min-heapsize=131072
Compiler executable checksum: 226393d1ea3d5ef46ec37beb4eb9ff6f
COLLECT_GCC_OPTIONS='-v' '-o' 'CMakeFiles/cmTC_4d75a.dir/CMakeCCompilerABI.c.o' '-c' '-mlittle-endian' '-mabi=lp64'
 as -v -EL -mabi=lp64 -o CMakeFiles/cmTC_4d75a.dir/CMakeCCompilerABI.c.o /tmp/ccoIHXKU.s
GNU assembler version 2.37 (aarch64-openEuler-linux) using BFD version (GNU Binutils) 2.37
COMPILER_PATH=/usr/libexec/gcc/aarch64-linux-gnu/10.3.1/:/usr/libexec/gcc/aarch64-linux-gnu/10.3.1/:/usr/libexec/gcc/aarch64-linux-gnu/:/usr/lib/gcc/aarch64-linux-gnu/10.3.1/:/usr/lib/gcc/aarch64-linux-gnu/
LIBRARY_PATH=/usr/lib/gcc/aarch64-linux-gnu/10.3.1/:/usr/lib/gcc/aarch64-linux-gnu/10.3.1/../../../../lib64/:/lib/../lib64/:/usr/lib/../lib64/:/usr/lib/gcc/aarch64-linux-gnu/10.3.1/../../../:/lib/:/usr/lib/
COLLECT_GCC_OPTIONS='-v' '-o' 'CMakeFiles/cmTC_4d75a.dir/CMakeCCompilerABI.c.o' '-c' '-mlittle-endian' '-mabi=lp64'
Linking C executable cmTC_4d75a
/usr/bin/cmake -E cmake_link_script CMakeFiles/cmTC_4d75a.dir/link.txt --verbose=1
/usr/bin/cc  -v CMakeFiles/cmTC_4d75a.dir/CMakeCCompilerABI.c.o -o cmTC_4d75a 
Using built-in specs.
COLLECT_GCC=/usr/bin/cc
COLLECT_LTO_WRAPPER=/usr/libexec/gcc/aarch64-linux-gnu/10.3.1/lto-wrapper
Target: aarch64-linux-gnu
Configured with: ../configure --prefix=/usr --mandir=/usr/share/man --infodir=/usr/share/info --enable-shared --enable-threads=posix --enable-checking=release --with-system-zlib --enable-__cxa_atexit --disable-libunwind-exceptions --enable-gnu-unique-object --enable-linker-build-id --with-linker-hash-style=gnu --enable-languages=c,c++,objc,obj-c++,fortran,lto --enable-plugin --enable-initfini-array --disable-libgcj --without-isl --without-cloog --enable-gnu-indirect-function --build=aarch64-linux-gnu --with-stage1-ldflags=' -Wl,-z,relro,-z,now' --with-boot-ldflags=' -Wl,-z,relro,-z,now' --disable-bootstrap --with-multilib-list=lp64 --enable-bolt
Thread model: posix
Supported LTO compression algorithms: zlib
gcc version 10.3.1 (GCC) 
COMPILER_PATH=/usr/libexec/gcc/aarch64-linux-gnu/10.3.1/:/usr/libexec/gcc/aarch64-linux-gnu/10.3.1/:/usr/libexec/gcc/aarch64-linux-gnu/:/usr/lib/gcc/aarch64-linux-gnu/10.3.1/:/usr/lib/gcc/aarch64-linux-gnu/
LIBRARY_PATH=/usr/lib/gcc/aarch64-linux-gnu/10.3.1/:/usr/lib/gcc/aarch64-linux-gnu/10.3.1/../../../../lib64/:/lib/../lib64/:/usr/lib/../lib64/:/usr/lib/gcc/aarch64-linux-gnu/10.3.1/../../../:/lib/:/usr/lib/
COLLECT_GCC_OPTIONS='-v' '-o' 'cmTC_4d75a' '-mlittle-endian' '-mabi=lp64'
 /usr/libexec/gcc/aarch64-linux-gnu/10.3.1/collect2 -plugin /usr/libexec/gcc/aarch64-linux-gnu/10.3.1/liblto_plugin.so -plugin-opt=/usr/libexec/gcc/aarch64-linux-gnu/10.3.1/lto-wrapper -plugin-opt=-fresolution=/tmp/ccj6R7Xv.res -plugin-opt=-pass-through=-lgcc -plugin-opt=-pass-through=-lgcc_s -plugin-opt=-pass-through=-lc -plugin-opt=-pass-through=-lgcc -plugin-opt=-pass-through=-lgcc_s --build-id --eh-frame-hdr --hash-style=gnu -dynamic-linker /lib/ld-linux-aarch64.so.1 -X -EL -maarch64linux -o cmTC_4d75a /usr/lib/gcc/aarch64-linux-gnu/10.3.1/../../../../lib64/crt1.o /usr/lib/gcc/aarch64-linux-gnu/10.3.1/../../../../lib64/crti.o /usr/lib/gcc/aarch64-linux-gnu/10.3.1/crtbegin.o -L/usr/lib/gcc/aarch64-linux-gnu/10.3.1 -L/usr/lib/gcc/aarch64-linux-gnu/10.3.1/../../../../lib64 -L/lib/../lib64 -L/usr/lib/../lib64 -L/usr/lib/gcc/aarch64-linux-gnu/10.3.1/../../.. CMakeFiles/cmTC_4d75a.dir/CMakeCCompilerABI.c.o -lgcc --push-state --as-needed -lgcc_s --pop-state -lc -lgcc --push-state --as-needed -lgcc_s --pop-state /usr/lib/gcc/aarch64-linux-gnu/10.3.1/crtend.o /usr/lib/gcc/aarch64-linux-gnu/10.3.1/../../../../lib64/crtn.o
COLLECT_GCC_OPTIONS='-v' '-o' 'cmTC_4d75a' '-mlittle-endian' '-mabi=lp64'
gmake[4]: Leaving directory '/home/ma-user/work/ww/ascendc_samples/operator/ascendc/0_introduction/3_add_kernellaunch/AddKernelInvocationNeo/build/ascendc_kernels_npu_precompile-prefix/src/ascendc_kernels_npu_precompile-build/CMakeFiles/CMakeTmp'
gmake[3]: Leaving directory '/home/ma-user/work/ww/ascendc_samples/operator/ascendc/0_introduction/3_add_kernellaunch/AddKernelInvocationNeo/build/ascendc_kernels_npu_precompile-prefix/src/ascendc_kernels_npu_precompile-build/CMakeFiles/CMakeTmp'



Parsed C implicit include dir info from above output: rv=done
  found start of include info
  found start of implicit include info
    add: [/usr/lib/gcc/aarch64-linux-gnu/10.3.1/include]
    add: [/usr/local/include]
    add: [/usr/include]
  end of search list found
  collapse include dir [/usr/lib/gcc/aarch64-linux-gnu/10.3.1/include] ==> [/usr/lib/gcc/aarch64-linux-gnu/10.3.1/include]
  collapse include dir [/usr/local/include] ==> [/usr/local/include]
  collapse include dir [/usr/include] ==> [/usr/include]
  implicit include dirs: [/usr/lib/gcc/aarch64-linux-gnu/10.3.1/include;/usr/local/include;/usr/include]


Parsed C implicit link information from above output:
  link line regex: [^( *|.*[/\])(ld|CMAKE_LINK_STARTFILE-NOTFOUND|([^/\]+-)?ld|collect2)[^/\]*( |$)]
  ignore line: [Change Dir: /home/ma-user/work/ww/ascendc_samples/operator/ascendc/0_introduction/3_add_kernellaunch/AddKernelInvocationNeo/build/ascendc_kernels_npu_precompile-prefix/src/ascendc_kernels_npu_precompile-build/CMakeFiles/CMakeTmp]
  ignore line: []
  ignore line: [Run Build Command(s):/usr/bin/gmake -f Makefile cmTC_4d75a/fast && gmake[3]: Entering directory '/home/ma-user/work/ww/ascendc_samples/operator/ascendc/0_introduction/3_add_kernellaunch/AddKernelInvocationNeo/build/ascendc_kernels_npu_precompile-prefix/src/ascendc_kernels_npu_precompile-build/CMakeFiles/CMakeTmp']
  ignore line: [/usr/bin/gmake  -f CMakeFiles/cmTC_4d75a.dir/build.make CMakeFiles/cmTC_4d75a.dir/build]
  ignore line: [gmake[4]: Entering directory '/home/ma-user/work/ww/ascendc_samples/operator/ascendc/0_introduction/3_add_kernellaunch/AddKernelInvocationNeo/build/ascendc_kernels_npu_precompile-prefix/src/ascendc_kernels_npu_precompile-build/CMakeFiles/CMakeTmp']
  ignore line: [Building C object CMakeFiles/cmTC_4d75a.dir/CMakeCCompilerABI.c.o]
  ignore line: [/usr/bin/cc   -v -o CMakeFiles/cmTC_4d75a.dir/CMakeCCompilerABI.c.o -c /usr/share/cmake/Modules/CMakeCCompilerABI.c]
  ignore line: [Using built-in specs.]
  ignore line: [COLLECT_GCC=/usr/bin/cc]
  ignore line: [Target: aarch64-linux-gnu]
  ignore line: [Configured with: ../configure --prefix=/usr --mandir=/usr/share/man --infodir=/usr/share/info --enable-shared --enable-threads=posix --enable-checking=release --with-system-zlib --enable-__cxa_atexit --disable-libunwind-exceptions --enable-gnu-unique-object --enable-linker-build-id --with-linker-hash-style=gnu --enable-languages=c,c++,objc,obj-c++,fortran,lto --enable-plugin --enable-initfini-array --disable-libgcj --without-isl --without-cloog --enable-gnu-indirect-function --build=aarch64-linux-gnu --with-stage1-ldflags=' -Wl,-z,relro,-z,now' --with-boot-ldflags=' -Wl,-z,relro,-z,now' --disable-bootstrap --with-multilib-list=lp64 --enable-bolt]
  ignore line: [Thread model: posix]
  ignore line: [Supported LTO compression algorithms: zlib]
  ignore line: [gcc version 10.3.1 (GCC) ]
  ignore line: [COLLECT_GCC_OPTIONS='-v' '-o' 'CMakeFiles/cmTC_4d75a.dir/CMakeCCompilerABI.c.o' '-c' '-mlittle-endian' '-mabi=lp64']
  ignore line: [ /usr/libexec/gcc/aarch64-linux-gnu/10.3.1/cc1 -quiet -v /usr/share/cmake/Modules/CMakeCCompilerABI.c -quiet -dumpbase CMakeCCompilerABI.c -mlittle-endian -mabi=lp64 -auxbase-strip CMakeFiles/cmTC_4d75a.dir/CMakeCCompilerABI.c.o -version -o /tmp/ccoIHXKU.s]
  ignore line: [GNU C17 (GCC) version 10.3.1 (aarch64-linux-gnu)]
  ignore line: [	compiled by GNU C version 10.3.1  GMP version 6.2.1  MPFR version 4.1.0  MPC version 1.2.0  isl version none]
  ignore line: [warning: MPFR header version 4.1.0 differs from library version 4.1.0-p9.]
  ignore line: [GGC heuristics: --param ggc-min-expand=100 --param ggc-min-heapsize=131072]
  ignore line: [ignoring nonexistent directory "/usr/lib/gcc/aarch64-linux-gnu/10.3.1/include-fixed"]
  ignore line: [ignoring nonexistent directory "/usr/lib/gcc/aarch64-linux-gnu/10.3.1/../../../../aarch64-linux-gnu/include"]
  ignore line: [#include "..." search starts here:]
  ignore line: [#include <...> search starts here:]
  ignore line: [ /usr/lib/gcc/aarch64-linux-gnu/10.3.1/include]
  ignore line: [ /usr/local/include]
  ignore line: [ /usr/include]
  ignore line: [End of search list.]
  ignore line: [GNU C17 (GCC) version 10.3.1 (aarch64-linux-gnu)]
  ignore line: [	compiled by GNU C version 10.3.1  GMP version 6.2.1  MPFR version 4.1.0  MPC version 1.2.0  isl version none]
  ignore line: [warning: MPFR header version 4.1.0 differs from library version 4.1.0-p9.]
  ignore line: [GGC heuristics: --param ggc-min-expand=100 --param ggc-min-heapsize=131072]
  ignore line: [Compiler executable checksum: 226393d1ea3d5ef46ec37beb4eb9ff6f]
  ignore line: [COLLECT_GCC_OPTIONS='-v' '-o' 'CMakeFiles/cmTC_4d75a.dir/CMakeCCompilerABI.c.o' '-c' '-mlittle-endian' '-mabi=lp64']
  ignore line: [ as -v -EL -mabi=lp64 -o CMakeFiles/cmTC_4d75a.dir/CMakeCCompilerABI.c.o /tmp/ccoIHXKU.s]
  ignore line: [GNU assembler version 2.37 (aarch64-openEuler-linux) using BFD version (GNU Binutils) 2.37]
  ignore line: [COMPILER_PATH=/usr/libexec/gcc/aarch64-linux-gnu/10.3.1/:/usr/libexec/gcc/aarch64-linux-gnu/10.3.1/:/usr/libexec/gcc/aarch64-linux-gnu/:/usr/lib/gcc/aarch64-linux-gnu/10.3.1/:/usr/lib/gcc/aarch64-linux-gnu/]
  ignore line: [LIBRARY_PATH=/usr/lib/gcc/aarch64-linux-gnu/10.3.1/:/usr/lib/gcc/aarch64-linux-gnu/10.3.1/../../../../lib64/:/lib/../lib64/:/usr/lib/../lib64/:/usr/lib/gcc/aarch64-linux-gnu/10.3.1/../../../:/lib/:/usr/lib/]
  ignore line: [COLLECT_GCC_OPTIONS='-v' '-o' 'CMakeFiles/cmTC_4d75a.dir/CMakeCCompilerABI.c.o' '-c' '-mlittle-endian' '-mabi=lp64']
  ignore line: [Linking C executable cmTC_4d75a]
  ignore line: [/usr/bin/cmake -E cmake_link_script CMakeFiles/cmTC_4d75a.dir/link.txt --verbose=1]
  ignore line: [/usr/bin/cc  -v CMakeFiles/cmTC_4d75a.dir/CMakeCCompilerABI.c.o -o cmTC_4d75a ]
  ignore line: [Using built-in specs.]
  ignore line: [COLLECT_GCC=/usr/bin/cc]
  ignore line: [COLLECT_LTO_WRAPPER=/usr/libexec/gcc/aarch64-linux-gnu/10.3.1/lto-wrapper]
  ignore line: [Target: aarch64-linux-gnu]
  ignore line: [Configured with: ../configure --prefix=/usr --mandir=/usr/share/man --infodir=/usr/share/info --enable-shared --enable-threads=posix --enable-checking=release --with-system-zlib --enable-__cxa_atexit --disable-libunwind-exceptions --enable-gnu-unique-object --enable-linker-build-id --with-linker-hash-style=gnu --enable-languages=c,c++,objc,obj-c++,fortran,lto --enable-plugin --enable-initfini-array --disable-libgcj --without-isl --without-cloog --enable-gnu-indirect-function --build=aarch64-linux-gnu --with-stage1-ldflags=' -Wl,-z,relro,-z,now' --with-boot-ldflags=' -Wl,-z,relro,-z,now' --disable-bootstrap --with-multilib-list=lp64 --enable-bolt]
  ignore line: [Thread model: posix]
  ignore line: [Supported LTO compression algorithms: zlib]
  ignore line: [gcc version 10.3.1 (GCC) ]
  ignore line: [COMPILER_PATH=/usr/libexec/gcc/aarch64-linux-gnu/10.3.1/:/usr/libexec/gcc/aarch64-linux-gnu/10.3.1/:/usr/libexec/gcc/aarch64-linux-gnu/:/usr/lib/gcc/aarch64-linux-gnu/10.3.1/:/usr/lib/gcc/aarch64-linux-gnu/]
  ignore line: [LIBRARY_PATH=/usr/lib/gcc/aarch64-linux-gnu/10.3.1/:/usr/lib/gcc/aarch64-linux-gnu/10.3.1/../../../../lib64/:/lib/../lib64/:/usr/lib/../lib64/:/usr/lib/gcc/aarch64-linux-gnu/10.3.1/../../../:/lib/:/usr/lib/]
  ignore line: [COLLECT_GCC_OPTIONS='-v' '-o' 'cmTC_4d75a' '-mlittle-endian' '-mabi=lp64']
  link line: [ /usr/libexec/gcc/aarch64-linux-gnu/10.3.1/collect2 -plugin /usr/libexec/gcc/aarch64-linux-gnu/10.3.1/liblto_plugin.so -plugin-opt=/usr/libexec/gcc/aarch64-linux-gnu/10.3.1/lto-wrapper -plugin-opt=-fresolution=/tmp/ccj6R7Xv.res -plugin-opt=-pass-through=-lgcc -plugin-opt=-pass-through=-lgcc_s -plugin-opt=-pass-through=-lc -plugin-opt=-pass-through=-lgcc -plugin-opt=-pass-through=-lgcc_s --build-id --eh-frame-hdr --hash-style=gnu -dynamic-linker /lib/ld-linux-aarch64.so.1 -X -EL -maarch64linux -o cmTC_4d75a /usr/lib/gcc/aarch64-linux-gnu/10.3.1/../../../../lib64/crt1.o /usr/lib/gcc/aarch64-linux-gnu/10.3.1/../../../../lib64/crti.o /usr/lib/gcc/aarch64-linux-gnu/10.3.1/crtbegin.o -L/usr/lib/gcc/aarch64-linux-gnu/10.3.1 -L/usr/lib/gcc/aarch64-linux-gnu/10.3.1/../../../../lib64 -L/lib/../lib64 -L/usr/lib/../lib64 -L/usr/lib/gcc/aarch64-linux-gnu/10.3.1/../../.. CMakeFiles/cmTC_4d75a.dir/CMakeCCompilerABI.c.o -lgcc --push-state --as-needed -lgcc_s --pop-state -lc -lgcc --push-state --as-needed -lgcc_s --pop-state /usr/lib/gcc/aarch64-linux-gnu/10.3.1/crtend.o /usr/lib/gcc/aarch64-linux-gnu/10.3.1/../../../../lib64/crtn.o]
    arg [/usr/libexec/gcc/aarch64-linux-gnu/10.3.1/collect2] ==> ignore
    arg [-plugin] ==> ignore
    arg [/usr/libexec/gcc/aarch64-linux-gnu/10.3.1/liblto_plugin.so] ==> ignore
    arg [-plugin-opt=/usr/libexec/gcc/aarch64-linux-gnu/10.3.1/lto-wrapper] ==> ignore
    arg [-plugin-opt=-fresolution=/tmp/ccj6R7Xv.res] ==> ignore
    arg [-plugin-opt=-pass-through=-lgcc] ==> ignore
    arg [-plugin-opt=-pass-through=-lgcc_s] ==> ignore
    arg [-plugin-opt=-pass-through=-lc] ==> ignore
    arg [-plugin-opt=-pass-through=-lgcc] ==> ignore
    arg [-plugin-opt=-pass-through=-lgcc_s] ==> ignore
    arg [--build-id] ==> ignore
    arg [--eh-frame-hdr] ==> ignore
    arg [--hash-style=gnu] ==> ignore
    arg [-dynamic-linker] ==> ignore
    arg [/lib/ld-linux-aarch64.so.1] ==> ignore
    arg [-X] ==> ignore
    arg [-EL] ==> ignore
    arg [-maarch64linux] ==> ignore
    arg [-o] ==> ignore
    arg [cmTC_4d75a] ==> ignore
    arg [/usr/lib/gcc/aarch64-linux-gnu/10.3.1/../../../../lib64/crt1.o] ==> obj [/usr/lib/gcc/aarch64-linux-gnu/10.3.1/../../../../lib64/crt1.o]
    arg [/usr/lib/gcc/aarch64-linux-gnu/10.3.1/../../../../lib64/crti.o] ==> obj [/usr/lib/gcc/aarch64-linux-gnu/10.3.1/../../../../lib64/crti.o]
    arg [/usr/lib/gcc/aarch64-linux-gnu/10.3.1/crtbegin.o] ==> obj [/usr/lib/gcc/aarch64-linux-gnu/10.3.1/crtbegin.o]
    arg [-L/usr/lib/gcc/aarch64-linux-gnu/10.3.1] ==> dir [/usr/lib/gcc/aarch64-linux-gnu/10.3.1]
    arg [-L/usr/lib/gcc/aarch64-linux-gnu/10.3.1/../../../../lib64] ==> dir [/usr/lib/gcc/aarch64-linux-gnu/10.3.1/../../../../lib64]
    arg [-L/lib/../lib64] ==> dir [/lib/../lib64]
    arg [-L/usr/lib/../lib64] ==> dir [/usr/lib/../lib64]
    arg [-L/usr/lib/gcc/aarch64-linux-gnu/10.3.1/../../..] ==> dir [/usr/lib/gcc/aarch64-linux-gnu/10.3.1/../../..]
    arg [CMakeFiles/cmTC_4d75a.dir/CMakeCCompilerABI.c.o] ==> ignore
    arg [-lgcc] ==> lib [gcc]
    arg [--push-state] ==> ignore
    arg [--as-needed] ==> ignore
    arg [-lgcc_s] ==> lib [gcc_s]
    arg [--pop-state] ==> ignore
    arg [-lc] ==> lib [c]
    arg [-lgcc] ==> lib [gcc]
    arg [--push-state] ==> ignore
    arg [--as-needed] ==> ignore
    arg [-lgcc_s] ==> lib [gcc_s]
    arg [--pop-state] ==> ignore
    arg [/usr/lib/gcc/aarch64-linux-gnu/10.3.1/crtend.o] ==> obj [/usr/lib/gcc/aarch64-linux-gnu/10.3.1/crtend.o]
    arg [/usr/lib/gcc/aarch64-linux-gnu/10.3.1/../../../../lib64/crtn.o] ==> obj [/usr/lib/gcc/aarch64-linux-gnu/10.3.1/../../../../lib64/crtn.o]
  collapse obj [/usr/lib/gcc/aarch64-linux-gnu/10.3.1/../../../../lib64/crt1.o] ==> [/usr/lib64/crt1.o]
  collapse obj [/usr/lib/gcc/aarch64-linux-gnu/10.3.1/../../../../lib64/crti.o] ==> [/usr/lib64/crti.o]
  collapse obj [/usr/lib/gcc/aarch64-linux-gnu/10.3.1/../../../../lib64/crtn.o] ==> [/usr/lib64/crtn.o]
  collapse library dir [/usr/lib/gcc/aarch64-linux-gnu/10.3.1] ==> [/usr/lib/gcc/aarch64-linux-gnu/10.3.1]
  collapse library dir [/usr/lib/gcc/aarch64-linux-gnu/10.3.1/../../../../lib64] ==> [/usr/lib64]
  collapse library dir [/lib/../lib64] ==> [/lib64]
  collapse library dir [/usr/lib/../lib64] ==> [/usr/lib64]
  collapse library dir [/usr/lib/gcc/aarch64-linux-gnu/10.3.1/../../..] ==> [/usr/lib]
  implicit libs: [gcc;gcc_s;c;gcc;gcc_s]
  implicit objs: [/usr/lib64/crt1.o;/usr/lib64/crti.o;/usr/lib/gcc/aarch64-linux-gnu/10.3.1/crtbegin.o;/usr/lib/gcc/aarch64-linux-gnu/10.3.1/crtend.o;/usr/lib64/crtn.o]
  implicit dirs: [/usr/lib/gcc/aarch64-linux-gnu/10.3.1;/usr/lib64;/lib64;/usr/lib]
  implicit fwks: []


Detecting CXX compiler ABI info compiled with the following output:
Change Dir: /home/ma-user/work/ww/ascendc_samples/operator/ascendc/0_introduction/3_add_kernellaunch/AddKernelInvocationNeo/build/ascendc_kernels_npu_precompile-prefix/src/ascendc_kernels_npu_precompile-build/CMakeFiles/CMakeTmp

Run Build Command(s):/usr/bin/gmake -f Makefile cmTC_fd174/fast && gmake[3]: Entering directory '/home/ma-user/work/ww/ascendc_samples/operator/ascendc/0_introduction/3_add_kernellaunch/AddKernelInvocationNeo/build/ascendc_kernels_npu_precompile-prefix/src/ascendc_kernels_npu_precompile-build/CMakeFiles/CMakeTmp'
/usr/bin/gmake  -f CMakeFiles/cmTC_fd174.dir/build.make CMakeFiles/cmTC_fd174.dir/build
gmake[4]: Entering directory '/home/ma-user/work/ww/ascendc_samples/operator/ascendc/0_introduction/3_add_kernellaunch/AddKernelInvocationNeo/build/ascendc_kernels_npu_precompile-prefix/src/ascendc_kernels_npu_precompile-build/CMakeFiles/CMakeTmp'
Building CXX object CMakeFiles/cmTC_fd174.dir/CMakeCXXCompilerABI.cpp.o
/usr/bin/c++   -v -o CMakeFiles/cmTC_fd174.dir/CMakeCXXCompilerABI.cpp.o -c /usr/share/cmake/Modules/CMakeCXXCompilerABI.cpp
Using built-in specs.
COLLECT_GCC=/usr/bin/c++
Target: aarch64-linux-gnu
Configured with: ../configure --prefix=/usr --mandir=/usr/share/man --infodir=/usr/share/info --enable-shared --enable-threads=posix --enable-checking=release --with-system-zlib --enable-__cxa_atexit --disable-libunwind-exceptions --enable-gnu-unique-object --enable-linker-build-id --with-linker-hash-style=gnu --enable-languages=c,c++,objc,obj-c++,fortran,lto --enable-plugin --enable-initfini-array --disable-libgcj --without-isl --without-cloog --enable-gnu-indirect-function --build=aarch64-linux-gnu --with-stage1-ldflags=' -Wl,-z,relro,-z,now' --with-boot-ldflags=' -Wl,-z,relro,-z,now' --disable-bootstrap --with-multilib-list=lp64 --enable-bolt
Thread model: posix
Supported LTO compression algorithms: zlib
gcc version 10.3.1 (GCC) 
COLLECT_GCC_OPTIONS='-v' '-o' 'CMakeFiles/cmTC_fd174.dir/CMakeCXXCompilerABI.cpp.o' '-c' '-shared-libgcc' '-mlittle-endian' '-mabi=lp64'
 /usr/libexec/gcc/aarch64-linux-gnu/10.3.1/cc1plus -quiet -v -D_GNU_SOURCE /usr/share/cmake/Modules/CMakeCXXCompilerABI.cpp -quiet -dumpbase CMakeCXXCompilerABI.cpp -mlittle-endian -mabi=lp64 -auxbase-strip CMakeFiles/cmTC_fd174.dir/CMakeCXXCompilerABI.cpp.o -version -o /tmp/ccBtDwNG.s
GNU C++14 (GCC) version 10.3.1 (aarch64-linux-gnu)
	compiled by GNU C version 10.3.1, GMP version 6.2.1, MPFR version 4.1.0, MPC version 1.2.0, isl version none
warning: MPFR header version 4.1.0 differs from library version 4.1.0-p9.
GGC heuristics: --param ggc-min-expand=100 --param ggc-min-heapsize=131072
ignoring nonexistent directory "/usr/lib/gcc/aarch64-linux-gnu/10.3.1/include-fixed"
ignoring nonexistent directory "/usr/lib/gcc/aarch64-linux-gnu/10.3.1/../../../../aarch64-linux-gnu/include"
#include "..." search starts here:
#include <...> search starts here:
 /usr/lib/gcc/aarch64-linux-gnu/10.3.1/../../../../include/c++/10.3.1
 /usr/lib/gcc/aarch64-linux-gnu/10.3.1/../../../../include/c++/10.3.1/aarch64-linux-gnu
 /usr/lib/gcc/aarch64-linux-gnu/10.3.1/../../../../include/c++/10.3.1/backward
 /usr/lib/gcc/aarch64-linux-gnu/10.3.1/include
 /usr/local/include
 /usr/include
End of search list.
GNU C++14 (GCC) version 10.3.1 (aarch64-linux-gnu)
	compiled by GNU C version 10.3.1, GMP version 6.2.1, MPFR version 4.1.0, MPC version 1.2.0, isl version none
warning: MPFR header version 4.1.0 differs from library version 4.1.0-p9.
GGC heuristics: --param ggc-min-expand=100 --param ggc-min-heapsize=131072
Compiler executable checksum: edb372ae48e29cd20f4d3f9d3845a480
COLLECT_GCC_OPTIONS='-v' '-o' 'CMakeFiles/cmTC_fd174.dir/CMakeCXXCompilerABI.cpp.o' '-c' '-shared-libgcc' '-mlittle-endian' '-mabi=lp64'
 as -v -EL -mabi=lp64 -o CMakeFiles/cmTC_fd174.dir/CMakeCXXCompilerABI.cpp.o /tmp/ccBtDwNG.s
GNU assembler version 2.37 (aarch64-openEuler-linux) using BFD version (GNU Binutils) 2.37
COMPILER_PATH=/usr/libexec/gcc/aarch64-linux-gnu/10.3.1/:/usr/libexec/gcc/aarch64-linux-gnu/10.3.1/:/usr/libexec/gcc/aarch64-linux-gnu/:/usr/lib/gcc/aarch64-linux-gnu/10.3.1/:/usr/lib/gcc/aarch64-linux-gnu/
LIBRARY_PATH=/usr/lib/gcc/aarch64-linux-gnu/10.3.1/:/usr/lib/gcc/aarch64-linux-gnu/10.3.1/../../../../lib64/:/lib/../lib64/:/usr/lib/../lib64/:/usr/lib/gcc/aarch64-linux-gnu/10.3.1/../../../:/lib/:/usr/lib/
COLLECT_GCC_OPTIONS='-v' '-o' 'CMakeFiles/cmTC_fd174.dir/CMakeCXXCompilerABI.cpp.o' '-c' '-shared-libgcc' '-mlittle-endian' '-mabi=lp64'
Linking CXX executable cmTC_fd174
/usr/bin/cmake -E cmake_link_script CMakeFiles/cmTC_fd174.dir/link.txt --verbose=1
/usr/bin/c++  -v CMakeFiles/cmTC_fd174.dir/CMakeCXXCompilerABI.cpp.o -o cmTC_fd174 
Using built-in specs.
COLLECT_GCC=/usr/bin/c++
COLLECT_LTO_WRAPPER=/usr/libexec/gcc/aarch64-linux-gnu/10.3.1/lto-wrapper
Target: aarch64-linux-gnu
Configured with: ../configure --prefix=/usr --mandir=/usr/share/man --infodir=/usr/share/info --enable-shared --enable-threads=posix --enable-checking=release --with-system-zlib --enable-__cxa_atexit --disable-libunwind-exceptions --enable-gnu-unique-object --enable-linker-build-id --with-linker-hash-style=gnu --enable-languages=c,c++,objc,obj-c++,fortran,lto --enable-plugin --enable-initfini-array --disable-libgcj --without-isl --without-cloog --enable-gnu-indirect-function --build=aarch64-linux-gnu --with-stage1-ldflags=' -Wl,-z,relro,-z,now' --with-boot-ldflags=' -Wl,-z,relro,-z,now' --disable-bootstrap --with-multilib-list=lp64 --enable-bolt
Thread model: posix
Supported LTO compression algorithms: zlib
gcc version 10.3.1 (GCC) 
COMPILER_PATH=/usr/libexec/gcc/aarch64-linux-gnu/10.3.1/:/usr/libexec/gcc/aarch64-linux-gnu/10.3.1/:/usr/libexec/gcc/aarch64-linux-gnu/:/usr/lib/gcc/aarch64-linux-gnu/10.3.1/:/usr/lib/gcc/aarch64-linux-gnu/
LIBRARY_PATH=/usr/lib/gcc/aarch64-linux-gnu/10.3.1/:/usr/lib/gcc/aarch64-linux-gnu/10.3.1/../../../../lib64/:/lib/../lib64/:/usr/lib/../lib64/:/usr/lib/gcc/aarch64-linux-gnu/10.3.1/../../../:/lib/:/usr/lib/
COLLECT_GCC_OPTIONS='-v' '-o' 'cmTC_fd174' '-shared-libgcc' '-mlittle-endian' '-mabi=lp64'
 /usr/libexec/gcc/aarch64-linux-gnu/10.3.1/collect2 -plugin /usr/libexec/gcc/aarch64-linux-gnu/10.3.1/liblto_plugin.so -plugin-opt=/usr/libexec/gcc/aarch64-linux-gnu/10.3.1/lto-wrapper -plugin-opt=-fresolution=/tmp/ccYmAQAl.res -plugin-opt=-pass-through=-lgcc_s -plugin-opt=-pass-through=-lgcc -plugin-opt=-pass-through=-lc -plugin-opt=-pass-through=-lgcc_s -plugin-opt=-pass-through=-lgcc --build-id --eh-frame-hdr --hash-style=gnu -dynamic-linker /lib/ld-linux-aarch64.so.1 -X -EL -maarch64linux -o cmTC_fd174 /usr/lib/gcc/aarch64-linux-gnu/10.3.1/../../../../lib64/crt1.o /usr/lib/gcc/aarch64-linux-gnu/10.3.1/../../../../lib64/crti.o /usr/lib/gcc/aarch64-linux-gnu/10.3.1/crtbegin.o -L/usr/lib/gcc/aarch64-linux-gnu/10.3.1 -L/usr/lib/gcc/aarch64-linux-gnu/10.3.1/../../../../lib64 -L/lib/../lib64 -L/usr/lib/../lib64 -L/usr/lib/gcc/aarch64-linux-gnu/10.3.1/../../.. CMakeFiles/cmTC_fd174.dir/CMakeCXXCompilerABI.cpp.o -lstdc++ -lm -lgcc_s -lgcc -lc -lgcc_s -lgcc /usr/lib/gcc/aarch64-linux-gnu/10.3.1/crtend.o /usr/lib/gcc/aarch64-linux-gnu/10.3.1/../../../../lib64/crtn.o
COLLECT_GCC_OPTIONS='-v' '-o' 'cmTC_fd174' '-shared-libgcc' '-mlittle-endian' '-mabi=lp64'
gmake[4]: Leaving directory '/home/ma-user/work/ww/ascendc_samples/operator/ascendc/0_introduction/3_add_kernellaunch/AddKernelInvocationNeo/build/ascendc_kernels_npu_precompile-prefix/src/ascendc_kernels_npu_precompile-build/CMakeFiles/CMakeTmp'
gmake[3]: Leaving directory '/home/ma-user/work/ww/ascendc_samples/operator/ascendc/0_introduction/3_add_kernellaunch/AddKernelInvocationNeo/build/ascendc_kernels_npu_precompile-prefix/src/ascendc_kernels_npu_precompile-build/CMakeFiles/CMakeTmp'



Parsed CXX implicit include dir info from above output: rv=done
  found start of include info
  found start of implicit include info
    add: [/usr/lib/gcc/aarch64-linux-gnu/10.3.1/../../../../include/c++/10.3.1]
    add: [/usr/lib/gcc/aarch64-linux-gnu/10.3.1/../../../../include/c++/10.3.1/aarch64-linux-gnu]
    add: [/usr/lib/gcc/aarch64-linux-gnu/10.3.1/../../../../include/c++/10.3.1/backward]
    add: [/usr/lib/gcc/aarch64-linux-gnu/10.3.1/include]
    add: [/usr/local/include]
    add: [/usr/include]
  end of search list found
  collapse include dir [/usr/lib/gcc/aarch64-linux-gnu/10.3.1/../../../../include/c++/10.3.1] ==> [/usr/include/c++/10.3.1]
  collapse include dir [/usr/lib/gcc/aarch64-linux-gnu/10.3.1/../../../../include/c++/10.3.1/aarch64-linux-gnu] ==> [/usr/include/c++/10.3.1/aarch64-linux-gnu]
  collapse include dir [/usr/lib/gcc/aarch64-linux-gnu/10.3.1/../../../../include/c++/10.3.1/backward] ==> [/usr/include/c++/10.3.1/backward]
  collapse include dir [/usr/lib/gcc/aarch64-linux-gnu/10.3.1/include] ==> [/usr/lib/gcc/aarch64-linux-gnu/10.3.1/include]
  collapse include dir [/usr/local/include] ==> [/usr/local/include]
  collapse include dir [/usr/include] ==> [/usr/include]
  implicit include dirs: [/usr/include/c++/10.3.1;/usr/include/c++/10.3.1/aarch64-linux-gnu;/usr/include/c++/10.3.1/backward;/usr/lib/gcc/aarch64-linux-gnu/10.3.1/include;/usr/local/include;/usr/include]


Parsed CXX implicit link information from above output:
  link line regex: [^( *|.*[/\])(ld|CMAKE_LINK_STARTFILE-NOTFOUND|([^/\]+-)?ld|collect2)[^/\]*( |$)]
  ignore line: [Change Dir: /home/ma-user/work/ww/ascendc_samples/operator/ascendc/0_introduction/3_add_kernellaunch/AddKernelInvocationNeo/build/ascendc_kernels_npu_precompile-prefix/src/ascendc_kernels_npu_precompile-build/CMakeFiles/CMakeTmp]
  ignore line: []
  ignore line: [Run Build Command(s):/usr/bin/gmake -f Makefile cmTC_fd174/fast && gmake[3]: Entering directory '/home/ma-user/work/ww/ascendc_samples/operator/ascendc/0_introduction/3_add_kernellaunch/AddKernelInvocationNeo/build/ascendc_kernels_npu_precompile-prefix/src/ascendc_kernels_npu_precompile-build/CMakeFiles/CMakeTmp']
  ignore line: [/usr/bin/gmake  -f CMakeFiles/cmTC_fd174.dir/build.make CMakeFiles/cmTC_fd174.dir/build]
  ignore line: [gmake[4]: Entering directory '/home/ma-user/work/ww/ascendc_samples/operator/ascendc/0_introduction/3_add_kernellaunch/AddKernelInvocationNeo/build/ascendc_kernels_npu_precompile-prefix/src/ascendc_kernels_npu_precompile-build/CMakeFiles/CMakeTmp']
  ignore line: [Building CXX object CMakeFiles/cmTC_fd174.dir/CMakeCXXCompilerABI.cpp.o]
  ignore line: [/usr/bin/c++   -v -o CMakeFiles/cmTC_fd174.dir/CMakeCXXCompilerABI.cpp.o -c /usr/share/cmake/Modules/CMakeCXXCompilerABI.cpp]
  ignore line: [Using built-in specs.]
  ignore line: [COLLECT_GCC=/usr/bin/c++]
  ignore line: [Target: aarch64-linux-gnu]
  ignore line: [Configured with: ../configure --prefix=/usr --mandir=/usr/share/man --infodir=/usr/share/info --enable-shared --enable-threads=posix --enable-checking=release --with-system-zlib --enable-__cxa_atexit --disable-libunwind-exceptions --enable-gnu-unique-object --enable-linker-build-id --with-linker-hash-style=gnu --enable-languages=c,c++,objc,obj-c++,fortran,lto --enable-plugin --enable-initfini-array --disable-libgcj --without-isl --without-cloog --enable-gnu-indirect-function --build=aarch64-linux-gnu --with-stage1-ldflags=' -Wl,-z,relro,-z,now' --with-boot-ldflags=' -Wl,-z,relro,-z,now' --disable-bootstrap --with-multilib-list=lp64 --enable-bolt]
  ignore line: [Thread model: posix]
  ignore line: [Supported LTO compression algorithms: zlib]
  ignore line: [gcc version 10.3.1 (GCC) ]
  ignore line: [COLLECT_GCC_OPTIONS='-v' '-o' 'CMakeFiles/cmTC_fd174.dir/CMakeCXXCompilerABI.cpp.o' '-c' '-shared-libgcc' '-mlittle-endian' '-mabi=lp64']
  ignore line: [ /usr/libexec/gcc/aarch64-linux-gnu/10.3.1/cc1plus -quiet -v -D_GNU_SOURCE /usr/share/cmake/Modules/CMakeCXXCompilerABI.cpp -quiet -dumpbase CMakeCXXCompilerABI.cpp -mlittle-endian -mabi=lp64 -auxbase-strip CMakeFiles/cmTC_fd174.dir/CMakeCXXCompilerABI.cpp.o -version -o /tmp/ccBtDwNG.s]
  ignore line: [GNU C++14 (GCC) version 10.3.1 (aarch64-linux-gnu)]
  ignore line: [	compiled by GNU C version 10.3.1  GMP version 6.2.1  MPFR version 4.1.0  MPC version 1.2.0  isl version none]
  ignore line: [warning: MPFR header version 4.1.0 differs from library version 4.1.0-p9.]
  ignore line: [GGC heuristics: --param ggc-min-expand=100 --param ggc-min-heapsize=131072]
  ignore line: [ignoring nonexistent directory "/usr/lib/gcc/aarch64-linux-gnu/10.3.1/include-fixed"]
  ignore line: [ignoring nonexistent directory "/usr/lib/gcc/aarch64-linux-gnu/10.3.1/../../../../aarch64-linux-gnu/include"]
  ignore line: [#include "..." search starts here:]
  ignore line: [#include <...> search starts here:]
  ignore line: [ /usr/lib/gcc/aarch64-linux-gnu/10.3.1/../../../../include/c++/10.3.1]
  ignore line: [ /usr/lib/gcc/aarch64-linux-gnu/10.3.1/../../../../include/c++/10.3.1/aarch64-linux-gnu]
  ignore line: [ /usr/lib/gcc/aarch64-linux-gnu/10.3.1/../../../../include/c++/10.3.1/backward]
  ignore line: [ /usr/lib/gcc/aarch64-linux-gnu/10.3.1/include]
  ignore line: [ /usr/local/include]
  ignore line: [ /usr/include]
  ignore line: [End of search list.]
  ignore line: [GNU C++14 (GCC) version 10.3.1 (aarch64-linux-gnu)]
  ignore line: [	compiled by GNU C version 10.3.1  GMP version 6.2.1  MPFR version 4.1.0  MPC version 1.2.0  isl version none]
  ignore line: [warning: MPFR header version 4.1.0 differs from library version 4.1.0-p9.]
  ignore line: [GGC heuristics: --param ggc-min-expand=100 --param ggc-min-heapsize=131072]
  ignore line: [Compiler executable checksum: edb372ae48e29cd20f4d3f9d3845a480]
  ignore line: [COLLECT_GCC_OPTIONS='-v' '-o' 'CMakeFiles/cmTC_fd174.dir/CMakeCXXCompilerABI.cpp.o' '-c' '-shared-libgcc' '-mlittle-endian' '-mabi=lp64']
  ignore line: [ as -v -EL -mabi=lp64 -o CMakeFiles/cmTC_fd174.dir/CMakeCXXCompilerABI.cpp.o /tmp/ccBtDwNG.s]
  ignore line: [GNU assembler version 2.37 (aarch64-openEuler-linux) using BFD version (GNU Binutils) 2.37]
  ignore line: [COMPILER_PATH=/usr/libexec/gcc/aarch64-linux-gnu/10.3.1/:/usr/libexec/gcc/aarch64-linux-gnu/10.3.1/:/usr/libexec/gcc/aarch64-linux-gnu/:/usr/lib/gcc/aarch64-linux-gnu/10.3.1/:/usr/lib/gcc/aarch64-linux-gnu/]
  ignore line: [LIBRARY_PATH=/usr/lib/gcc/aarch64-linux-gnu/10.3.1/:/usr/lib/gcc/aarch64-linux-gnu/10.3.1/../../../../lib64/:/lib/../lib64/:/usr/lib/../lib64/:/usr/lib/gcc/aarch64-linux-gnu/10.3.1/../../../:/lib/:/usr/lib/]
  ignore line: [COLLECT_GCC_OPTIONS='-v' '-o' 'CMakeFiles/cmTC_fd174.dir/CMakeCXXCompilerABI.cpp.o' '-c' '-shared-libgcc' '-mlittle-endian' '-mabi=lp64']
  ignore line: [Linking CXX executable cmTC_fd174]
  ignore line: [/usr/bin/cmake -E cmake_link_script CMakeFiles/cmTC_fd174.dir/link.txt --verbose=1]
  ignore line: [/usr/bin/c++  -v CMakeFiles/cmTC_fd174.dir/CMakeCXXCompilerABI.cpp.o -o cmTC_fd174 ]
  ignore line: [Using built-in specs.]
  ignore line: [COLLECT_GCC=/usr/bin/c++]
  ignore line: [COLLECT_LTO_WRAPPER=/usr/libexec/gcc/aarch64-linux-gnu/10.3.1/lto-wrapper]
  ignore line: [Target: aarch64-linux-gnu]
  ignore line: [Configured with: ../configure --prefix=/usr --mandir=/usr/share/man --infodir=/usr/share/info --enable-shared --enable-threads=posix --enable-checking=release --with-system-zlib --enable-__cxa_atexit --disable-libunwind-exceptions --enable-gnu-unique-object --enable-linker-build-id --with-linker-hash-style=gnu --enable-languages=c,c++,objc,obj-c++,fortran,lto --enable-plugin --enable-initfini-array --disable-libgcj --without-isl --without-cloog --enable-gnu-indirect-function --build=aarch64-linux-gnu --with-stage1-ldflags=' -Wl,-z,relro,-z,now' --with-boot-ldflags=' -Wl,-z,relro,-z,now' --disable-bootstrap --with-multilib-list=lp64 --enable-bolt]
  ignore line: [Thread model: posix]
  ignore line: [Supported LTO compression algorithms: zlib]
  ignore line: [gcc version 10.3.1 (GCC) ]
  ignore line: [COMPILER_PATH=/usr/libexec/gcc/aarch64-linux-gnu/10.3.1/:/usr/libexec/gcc/aarch64-linux-gnu/10.3.1/:/usr/libexec/gcc/aarch64-linux-gnu/:/usr/lib/gcc/aarch64-linux-gnu/10.3.1/:/usr/lib/gcc/aarch64-linux-gnu/]
  ignore line: [LIBRARY_PATH=/usr/lib/gcc/aarch64-linux-gnu/10.3.1/:/usr/lib/gcc/aarch64-linux-gnu/10.3.1/../../../../lib64/:/lib/../lib64/:/usr/lib/../lib64/:/usr/lib/gcc/aarch64-linux-gnu/10.3.1/../../../:/lib/:/usr/lib/]
  ignore line: [COLLECT_GCC_OPTIONS='-v' '-o' 'cmTC_fd174' '-shared-libgcc' '-mlittle-endian' '-mabi=lp64']
  link line: [ /usr/libexec/gcc/aarch64-linux-gnu/10.3.1/collect2 -plugin /usr/libexec/gcc/aarch64-linux-gnu/10.3.1/liblto_plugin.so -plugin-opt=/usr/libexec/gcc/aarch64-linux-gnu/10.3.1/lto-wrapper -plugin-opt=-fresolution=/tmp/ccYmAQAl.res -plugin-opt=-pass-through=-lgcc_s -plugin-opt=-pass-through=-lgcc -plugin-opt=-pass-through=-lc -plugin-opt=-pass-through=-lgcc_s -plugin-opt=-pass-through=-lgcc --build-id --eh-frame-hdr --hash-style=gnu -dynamic-linker /lib/ld-linux-aarch64.so.1 -X -EL -maarch64linux -o cmTC_fd174 /usr/lib/gcc/aarch64-linux-gnu/10.3.1/../../../../lib64/crt1.o /usr/lib/gcc/aarch64-linux-gnu/10.3.1/../../../../lib64/crti.o /usr/lib/gcc/aarch64-linux-gnu/10.3.1/crtbegin.o -L/usr/lib/gcc/aarch64-linux-gnu/10.3.1 -L/usr/lib/gcc/aarch64-linux-gnu/10.3.1/../../../../lib64 -L/lib/../lib64 -L/usr/lib/../lib64 -L/usr/lib/gcc/aarch64-linux-gnu/10.3.1/../../.. CMakeFiles/cmTC_fd174.dir/CMakeCXXCompilerABI.cpp.o -lstdc++ -lm -lgcc_s -lgcc -lc -lgcc_s -lgcc /usr/lib/gcc/aarch64-linux-gnu/10.3.1/crtend.o /usr/lib/gcc/aarch64-linux-gnu/10.3.1/../../../../lib64/crtn.o]
    arg [/usr/libexec/gcc/aarch64-linux-gnu/10.3.1/collect2] ==> ignore
    arg [-plugin] ==> ignore
    arg [/usr/libexec/gcc/aarch64-linux-gnu/10.3.1/liblto_plugin.so] ==> ignore
    arg [-plugin-opt=/usr/libexec/gcc/aarch64-linux-gnu/10.3.1/lto-wrapper] ==> ignore
    arg [-plugin-opt=-fresolution=/tmp/ccYmAQAl.res] ==> ignore
    arg [-plugin-opt=-pass-through=-lgcc_s] ==> ignore
    arg [-plugin-opt=-pass-through=-lgcc] ==> ignore
    arg [-plugin-opt=-pass-through=-lc] ==> ignore
    arg [-plugin-opt=-pass-through=-lgcc_s] ==> ignore
    arg [-plugin-opt=-pass-through=-lgcc] ==> ignore
    arg [--build-id] ==> ignore
    arg [--eh-frame-hdr] ==> ignore
    arg [--hash-style=gnu] ==> ignore
    arg [-dynamic-linker] ==> ignore
    arg [/lib/ld-linux-aarch64.so.1] ==> ignore
    arg [-X] ==> ignore
    arg [-EL] ==> ignore
    arg [-maarch64linux] ==> ignore
    arg [-o] ==> ignore
    arg [cmTC_fd174] ==> ignore
    arg [/usr/lib/gcc/aarch64-linux-gnu/10.3.1/../../../../lib64/crt1.o] ==> obj [/usr/lib/gcc/aarch64-linux-gnu/10.3.1/../../../../lib64/crt1.o]
    arg [/usr/lib/gcc/aarch64-linux-gnu/10.3.1/../../../../lib64/crti.o] ==> obj [/usr/lib/gcc/aarch64-linux-gnu/10.3.1/../../../../lib64/crti.o]
    arg [/usr/lib/gcc/aarch64-linux-gnu/10.3.1/crtbegin.o] ==> obj [/usr/lib/gcc/aarch64-linux-gnu/10.3.1/crtbegin.o]
    arg [-L/usr/lib/gcc/aarch64-linux-gnu/10.3.1] ==> dir [/usr/lib/gcc/aarch64-linux-gnu/10.3.1]
    arg [-L/usr/lib/gcc/aarch64-linux-gnu/10.3.1/../../../../lib64] ==> dir [/usr/lib/gcc/aarch64-linux-gnu/10.3.1/../../../../lib64]
    arg [-L/lib/../lib64] ==> dir [/lib/../lib64]
    arg [-L/usr/lib/../lib64] ==> dir [/usr/lib/../lib64]
    arg [-L/usr/lib/gcc/aarch64-linux-gnu/10.3.1/../../..] ==> dir [/usr/lib/gcc/aarch64-linux-gnu/10.3.1/../../..]
    arg [CMakeFiles/cmTC_fd174.dir/CMakeCXXCompilerABI.cpp.o] ==> ignore
    arg [-lstdc++] ==> lib [stdc++]
    arg [-lm] ==> lib [m]
    arg [-lgcc_s] ==> lib [gcc_s]
    arg [-lgcc] ==> lib [gcc]
    arg [-lc] ==> lib [c]
    arg [-lgcc_s] ==> lib [gcc_s]
    arg [-lgcc] ==> lib [gcc]
    arg [/usr/lib/gcc/aarch64-linux-gnu/10.3.1/crtend.o] ==> obj [/usr/lib/gcc/aarch64-linux-gnu/10.3.1/crtend.o]
    arg [/usr/lib/gcc/aarch64-linux-gnu/10.3.1/../../../../lib64/crtn.o] ==> obj [/usr/lib/gcc/aarch64-linux-gnu/10.3.1/../../../../lib64/crtn.o]
  collapse obj [/usr/lib/gcc/aarch64-linux-gnu/10.3.1/../../../../lib64/crt1.o] ==> [/usr/lib64/crt1.o]
  collapse obj [/usr/lib/gcc/aarch64-linux-gnu/10.3.1/../../../../lib64/crti.o] ==> [/usr/lib64/crti.o]
  collapse obj [/usr/lib/gcc/aarch64-linux-gnu/10.3.1/../../../../lib64/crtn.o] ==> [/usr/lib64/crtn.o]
  collapse library dir [/usr/lib/gcc/aarch64-linux-gnu/10.3.1] ==> [/usr/lib/gcc/aarch64-linux-gnu/10.3.1]
  collapse library dir [/usr/lib/gcc/aarch64-linux-gnu/10.3.1/../../../../lib64] ==> [/usr/lib64]
  collapse library dir [/lib/../lib64] ==> [/lib64]
  collapse library dir [/usr/lib/../lib64] ==> [/usr/lib64]
  collapse library dir [/usr/lib/gcc/aarch64-linux-gnu/10.3.1/../../..] ==> [/usr/lib]
  implicit libs: [stdc++;m;gcc_s;gcc;c;gcc_s;gcc]
  implicit objs: [/usr/lib64/crt1.o;/usr/lib64/crti.o;/usr/lib/gcc/aarch64-linux-gnu/10.3.1/crtbegin.o;/usr/lib/gcc/aarch64-linux-gnu/10.3.1/crtend.o;/usr/lib64/crtn.o]
  implicit dirs: [/usr/lib/gcc/aarch64-linux-gnu/10.3.1;/usr/lib64;/lib64;/usr/lib]
  implicit fwks: []


